[2026-07-19 12:36:02] local.ERROR: syntax error, unexpected token "{", expecting "," or ";" {"exception":"[object] (ParseError(code: 0): syntax error, unexpected token \"{\", expecting \",\" or \";\" at /home/luxy/projets/lolpro/vendor/symfony/http-foundation/Request.php:117)
[stacktrace]
#0 /home/luxy/projets/lolpro/vendor/composer/ClassLoader.php(427): Composer\\Autoload\\{closure}()
#1 /home/luxy/projets/lolpro/vendor/laravel/framework/src/Illuminate/Http/Request.php(29): Composer\\Autoload\\ClassLoader->loadClass()
#2 /home/luxy/projets/lolpro/vendor/composer/ClassLoader.php(576): include('...')
#3 /home/luxy/projets/lolpro/vendor/composer/ClassLoader.php(427): Composer\\Autoload\\{closure}()
#4 /home/luxy/projets/lolpro/vendor/laravel/framework/src/Illuminate/Foundation/Bootstrap/SetRequestForConsole.php(31): Composer\\Autoload\\ClassLoader->loadClass()
#5 /home/luxy/projets/lolpro/vendor/laravel/framework/src/Illuminate/Foundation/Application.php(342): Illuminate\\Foundation\\Bootstrap\\SetRequestForConsole->bootstrap()
#6 /home/luxy/projets/lolpro/vendor/laravel/framework/src/Illuminate/Foundation/Console/Kernel.php(494): Illuminate\\Foundation\\Application->bootstrapWith()
#7 /home/luxy/projets/lolpro/vendor/laravel/framework/src/Illuminate/Foundation/Console/Kernel.php(196): Illuminate\\Foundation\\Console\\Kernel->bootstrap()
#8 /home/luxy/projets/lolpro/vendor/laravel/framework/src/Illuminate/Foundation/Application.php(1235): Illuminate\\Foundation\\Console\\Kernel->handle()
#9 /home/luxy/projets/lolpro/artisan(16): Illuminate\\Foundation\\Application->handleCommand()
#10 {main}
"} 
[2026-07-19 12:37:50] local.ERROR: syntax error, unexpected token "{", expecting "," or ";" {"exception":"[object] (ParseError(code: 0): syntax error, unexpected token \"{\", expecting \",\" or \";\" at /home/luxy/projets/lolpro/vendor/symfony/http-foundation/Request.php:117)
[stacktrace]
#0 /home/luxy/projets/lolpro/vendor/composer/ClassLoader.php(427): Composer\\Autoload\\{closure}()
#1 /home/luxy/projets/lolpro/vendor/laravel/framework/src/Illuminate/Http/Request.php(29): Composer\\Autoload\\ClassLoader->loadClass()
#2 /home/luxy/projets/lolpro/vendor/composer/ClassLoader.php(576): include('...')
#3 /home/luxy/projets/lolpro/vendor/composer/ClassLoader.php(427): Composer\\Autoload\\{closure}()
#4 /home/luxy/projets/lolpro/vendor/laravel/framework/src/Illuminate/Foundation/Bootstrap/SetRequestForConsole.php(31): Composer\\Autoload\\ClassLoader->loadClass()
#5 /home/luxy/projets/lolpro/vendor/laravel/framework/src/Illuminate/Foundation/Application.php(342): Illuminate\\Foundation\\Bootstrap\\SetRequestForConsole->bootstrap()
#6 /home/luxy/projets/lolpro/vendor/laravel/framework/src/Illuminate/Foundation/Console/Kernel.php(494): Illuminate\\Foundation\\Application->bootstrapWith()
#7 /home/luxy/projets/lolpro/vendor/laravel/framework/src/Illuminate/Foundation/Console/Kernel.php(196): Illuminate\\Foundation\\Console\\Kernel->bootstrap()
#8 /home/luxy/projets/lolpro/vendor/laravel/framework/src/Illuminate/Foundation/Application.php(1235): Illuminate\\Foundation\\Console\\Kernel->handle()
#9 /home/luxy/projets/lolpro/artisan(16): Illuminate\\Foundation\\Application->handleCommand()
#10 {main}
"} 
[2026-07-19 12:40:04] local.ERROR: syntax error, unexpected token "{", expecting "," or ";" {"exception":"[object] (ParseError(code: 0): syntax error, unexpected token \"{\", expecting \",\" or \";\" at /home/luxy/projets/lolpro/vendor/symfony/http-foundation/Request.php:117)
[stacktrace]
#0 /home/luxy/projets/lolpro/vendor/composer/ClassLoader.php(427): Composer\\Autoload\\{closure}()
#1 /home/luxy/projets/lolpro/vendor/laravel/framework/src/Illuminate/Http/Request.php(29): Composer\\Autoload\\ClassLoader->loadClass()
#2 /home/luxy/projets/lolpro/vendor/composer/ClassLoader.php(576): include('...')
#3 /home/luxy/projets/lolpro/vendor/composer/ClassLoader.php(427): Composer\\Autoload\\{closure}()
#4 /home/luxy/projets/lolpro/vendor/laravel/framework/src/Illuminate/Foundation/Bootstrap/SetRequestForConsole.php(31): Composer\\Autoload\\ClassLoader->loadClass()
#5 /home/luxy/projets/lolpro/vendor/laravel/framework/src/Illuminate/Foundation/Application.php(342): Illuminate\\Foundation\\Bootstrap\\SetRequestForConsole->bootstrap()
#6 /home/luxy/projets/lolpro/vendor/laravel/framework/src/Illuminate/Foundation/Console/Kernel.php(494): Illuminate\\Foundation\\Application->bootstrapWith()
#7 /home/luxy/projets/lolpro/vendor/laravel/framework/src/Illuminate/Foundation/Console/Kernel.php(196): Illuminate\\Foundation\\Console\\Kernel->bootstrap()
#8 /home/luxy/projets/lolpro/vendor/laravel/framework/src/Illuminate/Foundation/Application.php(1235): Illuminate\\Foundation\\Console\\Kernel->handle()
#9 /home/luxy/projets/lolpro/artisan(16): Illuminate\\Foundation\\Application->handleCommand()
#10 {main}
"} 
